{
  "RSpec": {
    "coverage": {
      "/Users/nikolaos/Desktop/00_A_Makers Academy/040_Course/00_Individual Activities/week 10/020_GildedRose-Refactoring-Kata/spec/gilded_rose_spec.rb": [
        1,
        1,
        null,
        1,
        null,
        1,
        null,
        1,
        null,
        1,
        1,
        1,
        1,
        null,
        null,
        1,
        1,
        1,
        1,
        null,
        null,
        1,
        1,
        1,
        1,
        null,
        null,
        1,
        1,
        1,
        1,
        null,
        null,
        1,
        1,
        1,
        1,
        null,
        null,
        null,
        1,
        1,
        1,
        1,
        1,
        null,
        null,
        1,
        1,
        1,
        1,
        null,
        null,
        1,
        1,
        1,
        1,
        null,
        null,
        null,
        1,
        1,
        1,
        1,
        1,
        null,
        null,
        1,
        1,
        1,
        1,
        null,
        null,
        1,
        1,
        1,
        1,
        null,
        null,
        1,
        1,
        1,
        1,
        null,
        null,
        null,
        1,
        1,
        1,
        1,
        1,
        null,
        null,
        1,
        1,
        1,
        1,
        null,
        null,
        null,
        null,
        null,
        null
      ],
      "/Users/nikolaos/Desktop/00_A_Makers Academy/040_Course/00_Individual Activities/week 10/020_GildedRose-Refactoring-Kata/lib/gilded_rose.rb": [
        1,
        null,
        1,
        14,
        null,
        null,
        1,
        14,
        14,
        7,
        5,
        3,
        null,
        null,
        null,
        7,
        5,
        5,
        4,
        4,
        4,
        null,
        null,
        4,
        3,
        3,
        null,
        null,
        null,
        null,
        null,
        14,
        12,
        null,
        14,
        3,
        3,
        2,
        1,
        1,
        null,
        null,
        null,
        1,
        null,
        null,
        0,
        0,
        null,
        null,
        null,
        null,
        null,
        null
      ],
      "/Users/nikolaos/Desktop/00_A_Makers Academy/040_Course/00_Individual Activities/week 10/020_GildedRose-Refactoring-Kata/lib/item.rb": [
        1,
        1,
        null,
        1,
        18,
        18,
        18,
        null,
        null,
        1,
        1,
        null,
        null
      ],
      "/Users/nikolaos/Desktop/00_A_Makers Academy/040_Course/00_Individual Activities/week 10/020_GildedRose-Refactoring-Kata/spec/item_spec.rb": [
        1,
        null,
        1,
        1,
        1,
        1,
        1,
        null,
        1,
        1,
        1,
        null,
        1,
        1,
        1,
        null,
        null,
        null,
        null,
        1,
        1,
        1,
        1,
        null,
        null,
        null
      ]
    },
    "timestamp": 1517326764
  }
}
