{
  "RSpec": {
    "coverage": {
      "/Users/nikolaos/Desktop/00_A_Makers Academy/040_Course/00_Individual Activities/week 10/020_GildedRose-Refactoring-Kata/spec/gilded_rose_spec.rb": [
        1,
        null,
        1,
        1,
        1,
        1,
        1,
        1,
        null,
        null,
        null,
        null
      ],
      "/Users/nikolaos/Desktop/00_A_Makers Academy/040_Course/00_Individual Activities/week 10/020_GildedRose-Refactoring-Kata/lib/gilded_rose.rb": [
        1,
        null,
        1,
        1,
        null,
        null,
        1,
        1,
        1,
        1,
        0,
        0,
        null,
        null,
        null,
        0,
        0,
        0,
        0,
        0,
        0,
        null,
        null,
        0,
        0,
        0,
        null,
        null,
        null,
        null,
        null,
        1,
        1,
        null,
        1,
        1,
        1,
        1,
        0,
        0,
        null,
        null,
        null,
        0,
        null,
        null,
        0,
        0,
        null,
        null,
        null,
        null,
        null,
        null,
        null,
        1,
        1,
        null,
        1,
        1,
        1,
        1,
        null,
        null,
        1,
        0,
        null,
        null
      ]
    },
    "timestamp": 1517316361
  }
}
